<?xml version="1.0" encoding="UTF-8"?>
<!-- Generated by org.testng.reporters.JUnitReportReporter -->
<testsuite hostname="DESKTOP-UF4S0EF" failures="0" tests="5" name="testNG.DriverACar" time="0.021" errors="0" timestamp="2022-10-28T21:54:59 IST" skipped="0">
  <testcase classname="testNG.DriverACar" name="startTheCar" time="0.012"/>
  <system-out/>
  <testcase classname="testNG.DriverACar" name="putFirstGear" time="0.002"/>
  <system-out/>
  <testcase classname="testNG.DriverACar" name="putSecondGear" time="0.002"/>
  <system-out/>
  <testcase classname="testNG.DriverACar" name="putThirdGear" time="0.002"/>
  <system-out/>
  <testcase classname="testNG.DriverACar" name="putFourthGear" time="0.003"/>
  <system-out/>
</testsuite> <!-- testNG.DriverACar -->
