<?xml version="1.0" encoding="UTF-8"?>
<!-- Generated by org.testng.reporters.JUnitReportReporter -->
<testsuite hostname="DESKTOP-UF4S0EF" failures="0" tests="3" name="testNG.DPandFactoryExaple" time="0.017" errors="0" timestamp="2022-09-20T20:12:36 IST" skipped="0">
  <testcase classname="testNG.DPandFactoryExaple" name="PrintMsg" time="0.009"/>
  <system-out/>
  <testcase classname="testNG.DPandFactoryExaple" name="PrintMsg" time="0.003"/>
  <system-out/>
  <testcase classname="testNG.DPandFactoryExaple" name="PrintSuccessfullMessage" time="0.005"/>
  <system-out/>
</testsuite> <!-- testNG.DPandFactoryExaple -->
