<?xml version="1.0" encoding="UTF-8"?>
<!-- Generated by org.testng.reporters.JUnitReportReporter -->
<testsuite hostname="DESKTOP-UF4S0EF" failures="0" tests="8" name="testNG.GroupingExample" time="0.034" errors="0" timestamp="2022-10-28T21:56:32 IST" skipped="0">
  <testcase classname="testNG.GroupingExample" name="vivo1" time="0.002"/>
  <system-out/>
  <testcase classname="testNG.GroupingExample" name="vivo2" time="0.003"/>
  <system-out/>
  <testcase classname="testNG.GroupingExample" name="moto1" time="0.002"/>
  <system-out/>
  <testcase classname="testNG.GroupingExample" name="apple2" time="0.005"/>
  <system-out/>
  <testcase classname="testNG.GroupingExample" name="moto2" time="0.002"/>
  <system-out/>
  <testcase classname="testNG.GroupingExample" name="lenovo2" time="0.003"/>
  <system-out/>
  <testcase classname="testNG.GroupingExample" name="lenovo1" time="0.005"/>
  <system-out/>
  <testcase classname="testNG.GroupingExample" name="apple1" time="0.012"/>
  <system-out/>
</testsuite> <!-- testNG.GroupingExample -->
