<?xml version="1.0" encoding="UTF-8"?>
<!-- Generated by org.testng.reporters.JUnitReportReporter -->
<testsuite hostname="DESKTOP-UF4S0EF" failures="0" tests="2" name="testNG.AnnotationsHierarchyExample" time="0.020" errors="0" timestamp="2022-10-14T18:55:48 IST" skipped="0">
  <testcase classname="testNG.AnnotationsHierarchyExample" name="f" time="0.017"/>
  <system-out/>
  <testcase classname="testNG.AnnotationsHierarchyExample" name="f2" time="0.003"/>
  <system-out/>
</testsuite> <!-- testNG.AnnotationsHierarchyExample -->
